{"ts":1673975310976,"action":"PROJECT_OPENED","tags":{"PROJECT_NAME":"cache"}}
{"ts":1673975314345,"action":"FILE_CLOSED","file":"/README.md","tags":{"FILE_LINE_OF_CODE":"73"}}
{"ts":1673975314345,"action":"FILE_OPENED","file":"/pubspec.yaml","tags":{"FILE_LINE_OF_CODE":"67"}}
{"ts":1673975316541,"action":"IDE_DEACTIVATED"}
{"ts":1673975316642,"action":"IDE_ACTIVATED"}
{"ts":1673975327311,"action":"IDE_DEACTIVATED"}
{"ts":1673975327406,"action":"IDE_ACTIVATED"}
{"ts":1673975330582,"action":"IDE_DEACTIVATED"}
{"ts":1673975330676,"action":"IDE_ACTIVATED"}
{"ts":1673975331572,"action":"IDE_DEACTIVATED"}
{"ts":1673975331691,"action":"IDE_ACTIVATED"}
{"ts":1673975333242,"action":"IDE_DEACTIVATED"}
{"ts":1673975333347,"action":"IDE_ACTIVATED"}
{"ts":1673975334927,"action":"IDE_DEACTIVATED"}
{"ts":1673975335024,"action":"IDE_ACTIVATED"}
{"ts":1673975345924,"action":"FILE_CLOSED","file":"/pubspec.yaml","tags":{"FILE_LINE_OF_CODE":"67"}}
{"ts":1673975345924,"action":"FILE_OPENED","file":"/lib/cache_until.dart","tags":{"FILE_LINE_OF_CODE":"89"}}
{"ts":1673975359353,"action":"FILE_CLOSED","file":"/lib/cache_until.dart","tags":{"FILE_LINE_OF_CODE":"89"}}
{"ts":1673975359353,"action":"FILE_OPENED","file":"/example/lib/main.dart","tags":{"FILE_LINE_OF_CODE":"87"}}
{"ts":1673975381357,"action":"FILE_CLOSED","file":"/example/lib/main.dart","tags":{"FILE_LINE_OF_CODE":"87"}}
{"ts":1673975381357,"action":"FILE_OPENED","file":"/lib/cache_until.dart","tags":{"FILE_LINE_OF_CODE":"89"}}
{"ts":1673975383192,"action":"FILE_CLOSED","file":"/lib/cache_until.dart","tags":{"FILE_LINE_OF_CODE":"89"}}
{"ts":1673975383193,"action":"FILE_OPENED","file":"/lib/sharepreferences_until.dart","tags":{"FILE_LINE_OF_CODE":"39"}}
{"ts":1673975387376,"action":"FILE_CLOSED","file":"/lib/sharepreferences_until.dart","tags":{"FILE_LINE_OF_CODE":"39"}}
{"ts":1673975387376,"action":"FILE_OPENED","file":"/example/pubspec.yaml","tags":{"FILE_LINE_OF_CODE":"64"}}
{"ts":1673975403266,"action":"FILE_CLOSED","file":"/example/pubspec.yaml","tags":{"FILE_LINE_OF_CODE":"64"}}
{"ts":1673975403266,"action":"FILE_OPENED","file":"/example/lib/main.dart","tags":{"FILE_LINE_OF_CODE":"87"}}
{"ts":1673975435064,"action":"FILE_CLOSED","file":"/example/lib/main.dart","tags":{"FILE_LINE_OF_CODE":"86"}}
{"ts":1673975435064,"action":"FILE_OPENED","file":"/lib/cache_until.dart","tags":{"FILE_LINE_OF_CODE":"89"}}
{"ts":1673975451324,"action":"FILE_CLOSED","file":"/lib/cache_until.dart","tags":{"FILE_LINE_OF_CODE":"89"}}
{"ts":1673975451324,"action":"FILE_OPENED","file":"/lib/sharepreferences_until.dart","tags":{"FILE_LINE_OF_CODE":"39"}}
{"ts":1673975459749,"action":"FILE_CLOSED","file":"/lib/sharepreferences_until.dart","tags":{"FILE_LINE_OF_CODE":"39"}}
{"ts":1673975459749,"action":"FILE_OPENED","file":"/pubspec.lock","tags":{"FILE_LINE_OF_CODE":"223"}}
{"ts":1673975461202,"action":"FILE_CLOSED","file":"/pubspec.lock","tags":{"FILE_LINE_OF_CODE":"223"}}
{"ts":1673975461202,"action":"FILE_OPENED","file":"/pubspec.yaml","tags":{"FILE_LINE_OF_CODE":"67"}}
{"ts":1673975499574,"action":"FILE_CLOSED","file":"/pubspec.yaml","tags":{"FILE_LINE_OF_CODE":"67"}}
{"ts":1673975499574,"action":"FILE_OPENED","file":"/lib/cache_until.dart","tags":{"FILE_LINE_OF_CODE":"89"}}
{"ts":1673975553138,"action":"FILE_CLOSED","file":"/lib/cache_until.dart","tags":{"FILE_LINE_OF_CODE":"89"}}
{"ts":1673975553139,"action":"FILE_OPENED","file":"/example/lib/main.dart","tags":{"FILE_LINE_OF_CODE":"86"}}
{"ts":1673975577251,"action":"FILE_CLOSED","file":"/example/lib/main.dart","tags":{"FILE_LINE_OF_CODE":"86"}}
{"ts":1673975577251,"action":"FILE_OPENED","file":"/README.md","tags":{"FILE_LINE_OF_CODE":"73"}}
{"ts":1673975584629,"action":"IDE_DEACTIVATED"}
{"ts":1673975599040,"action":"IDE_ACTIVATED"}
{"ts":1673975621372,"action":"IDE_DEACTIVATED"}
{"ts":1673975624612,"action":"IDE_ACTIVATED"}
{"ts":1673975628890,"action":"IDE_DEACTIVATED"}
{"ts":1673975632650,"action":"IDE_ACTIVATED"}
{"ts":1673975635286,"action":"IDE_DEACTIVATED"}
{"ts":1673975638336,"action":"IDE_ACTIVATED"}
{"ts":1673975646125,"action":"IDE_DEACTIVATED"}
{"ts":1673975650267,"action":"IDE_ACTIVATED"}
{"ts":1673975655220,"action":"IDE_DEACTIVATED"}
{"ts":1673975658220,"action":"IDE_ACTIVATED"}
{"ts":1673975666789,"action":"IDE_DEACTIVATED"}
{"ts":1673975669255,"action":"IDE_ACTIVATED"}
{"ts":1673975674284,"action":"IDE_DEACTIVATED"}
{"ts":1673975677586,"action":"IDE_ACTIVATED"}
{"ts":1673975683107,"action":"IDE_DEACTIVATED"}
{"ts":1673975686165,"action":"IDE_ACTIVATED"}
{"ts":1673975694152,"action":"IDE_DEACTIVATED"}
{"ts":1673975696901,"action":"IDE_ACTIVATED"}
{"ts":1673975708140,"action":"FILE_CLOSED","file":"/README.md","tags":{"FILE_LINE_OF_CODE":"73"}}
{"ts":1673975708140,"action":"FILE_OPENED","file":"/example/lib/main.dart","tags":{"FILE_LINE_OF_CODE":"86"}}
{"ts":1673975709519,"action":"FILE_CLOSED","file":"/example/lib/main.dart","tags":{"FILE_LINE_OF_CODE":"86"}}
{"ts":1673975709519,"action":"FILE_OPENED","file":"/example/test/widget_test.dart","tags":{"FILE_LINE_OF_CODE":"28"}}
{"ts":1673975724323,"action":"FILE_CLOSED","file":"/example/test/widget_test.dart","tags":{"FILE_LINE_OF_CODE":"28"}}
{"ts":1673975724323,"action":"FILE_OPENED","file":"/example/lib/main.dart","tags":{"FILE_LINE_OF_CODE":"86"}}
{"ts":1673975737019,"action":"FILE_CLOSED","file":"/example/lib/main.dart","tags":{"FILE_LINE_OF_CODE":"86"}}
{"ts":1673975737019,"action":"FILE_OPENED","file":"/lib/cache_until.dart","tags":{"FILE_LINE_OF_CODE":"89"}}
{"ts":1673975740060,"action":"IDE_DEACTIVATED"}
{"ts":1673975743774,"action":"IDE_ACTIVATED"}
{"ts":1673975751869,"action":"IDE_DEACTIVATED"}
{"ts":1673975752851,"action":"IDE_ACTIVATED"}
{"ts":1673975755885,"action":"IDE_DEACTIVATED"}
{"ts":1673975760754,"action":"IDE_ACTIVATED"}
{"ts":1673975763381,"action":"IDE_DEACTIVATED"}
{"ts":1673975763855,"action":"IDE_ACTIVATED"}
{"ts":1673975766321,"action":"IDE_DEACTIVATED"}
{"ts":1673975769178,"action":"IDE_ACTIVATED"}
{"ts":1673975773642,"action":"IDE_DEACTIVATED"}
{"ts":1673975774452,"action":"IDE_ACTIVATED"}
{"ts":1673975776540,"action":"IDE_DEACTIVATED"}
{"ts":1673975780673,"action":"IDE_ACTIVATED"}
{"ts":1673975783679,"action":"IDE_DEACTIVATED"}
{"ts":1673975785307,"action":"IDE_ACTIVATED"}
{"ts":1673975787098,"action":"IDE_DEACTIVATED"}
{"ts":1673975789672,"action":"IDE_ACTIVATED"}
{"ts":1673975792988,"action":"IDE_DEACTIVATED"}
{"ts":1673975794103,"action":"IDE_ACTIVATED"}
{"ts":1673975797396,"action":"IDE_DEACTIVATED"}
{"ts":1673975800456,"action":"IDE_ACTIVATED"}
{"ts":1673975816345,"action":"FILE_CLOSED","file":"/lib/cache_until.dart","tags":{"FILE_LINE_OF_CODE":"90"}}
{"ts":1673975816345,"action":"FILE_OPENED","file":"/android/src/main/java/com/example/cache/CachePlugin.java","tags":{"FILE_LINE_OF_CODE":"155"}}
{"ts":1673975824159,"action":"FILE_CLOSED","file":"/android/src/main/java/com/example/cache/CachePlugin.java","tags":{"FILE_LINE_OF_CODE":"155"}}
{"ts":1673975824159,"action":"FILE_OPENED","file":"/android/src/main/java/com/example/cache/DataCleanUtil.java","tags":{"FILE_LINE_OF_CODE":"262"}}
{"ts":1673975856862,"action":"IDE_DEACTIVATED"}
{"ts":1673975860465,"action":"IDE_ACTIVATED"}
{"ts":1673975861261,"action":"IDE_DEACTIVATED"}
{"ts":1673975862724,"action":"IDE_ACTIVATED"}
{"ts":1673975867343,"action":"IDE_DEACTIVATED"}
{"ts":1673975871057,"action":"IDE_ACTIVATED"}
{"ts":1673975876485,"action":"IDE_DEACTIVATED"}
{"ts":1673975879022,"action":"IDE_ACTIVATED"}
{"ts":1673975883329,"action":"IDE_DEACTIVATED"}
{"ts":1673975886505,"action":"IDE_ACTIVATED"}
{"ts":1673975890179,"action":"IDE_DEACTIVATED"}
{"ts":1673975892863,"action":"IDE_ACTIVATED"}
{"ts":1673975896057,"action":"IDE_DEACTIVATED"}
{"ts":1673975898624,"action":"IDE_ACTIVATED"}
{"ts":1673975901676,"action":"IDE_DEACTIVATED"}
{"ts":1673975904453,"action":"IDE_ACTIVATED"}
{"ts":1673975907813,"action":"IDE_DEACTIVATED"}
{"ts":1673975911305,"action":"IDE_ACTIVATED"}
{"ts":1673975914607,"action":"IDE_DEACTIVATED"}
{"ts":1673975917253,"action":"IDE_ACTIVATED"}
{"ts":1673975923903,"action":"IDE_DEACTIVATED"}
{"ts":1673975926842,"action":"IDE_ACTIVATED"}
{"ts":1673975933374,"action":"IDE_DEACTIVATED"}
{"ts":1673975936429,"action":"IDE_ACTIVATED"}
{"ts":1673975941270,"action":"IDE_DEACTIVATED"}
{"ts":1673975944290,"action":"IDE_ACTIVATED"}
{"ts":1673975949719,"action":"IDE_DEACTIVATED"}
{"ts":1673975952508,"action":"IDE_ACTIVATED"}
{"ts":1673975957086,"action":"IDE_DEACTIVATED"}
{"ts":1673975959850,"action":"IDE_ACTIVATED"}
{"ts":1673975962637,"action":"IDE_DEACTIVATED"}
{"ts":1673975965342,"action":"IDE_ACTIVATED"}
{"ts":1673975968876,"action":"IDE_DEACTIVATED"}
{"ts":1673975971310,"action":"IDE_ACTIVATED"}
{"ts":1673975974524,"action":"IDE_DEACTIVATED"}
{"ts":1673975977152,"action":"IDE_ACTIVATED"}
{"ts":1673975979821,"action":"IDE_DEACTIVATED"}
{"ts":1673975982594,"action":"IDE_ACTIVATED"}
{"ts":1673975991812,"action":"IDE_DEACTIVATED"}
{"ts":1673975994321,"action":"IDE_ACTIVATED"}
{"ts":1673975998044,"action":"IDE_DEACTIVATED"}
{"ts":1673976001025,"action":"IDE_ACTIVATED"}
{"ts":1673976006492,"action":"IDE_DEACTIVATED"}
{"ts":1673976009256,"action":"IDE_ACTIVATED"}
{"ts":1673976016077,"action":"FILE_CLOSED","file":"/android/src/main/java/com/example/cache/DataCleanUtil.java","tags":{"FILE_LINE_OF_CODE":"262"}}
{"ts":1673976016077,"action":"FILE_OPENED","file":"/android/src/main/java/com/example/cache/FileUtil.java","tags":{"FILE_LINE_OF_CODE":"89"}}
{"ts":1673976019394,"action":"FILE_CLOSED","file":"/android/src/main/java/com/example/cache/FileUtil.java","tags":{"FILE_LINE_OF_CODE":"89"}}
{"ts":1673976019394,"action":"FILE_OPENED","file":"/android/src/main/java/com/example/cache/DataCleanUtil.java","tags":{"FILE_LINE_OF_CODE":"262"}}
{"ts":1673976028104,"action":"FILE_CLOSED","file":"/android/src/main/java/com/example/cache/DataCleanUtil.java","tags":{"FILE_LINE_OF_CODE":"262"}}
{"ts":1673976028104,"action":"FILE_OPENED","file":"/android/src/main/java/com/example/cache/FileUtil.java","tags":{"FILE_LINE_OF_CODE":"89"}}
{"ts":1673976049148,"action":"IDE_DEACTIVATED"}
{"ts":1673976053705,"action":"IDE_ACTIVATED"}
{"ts":1673976065885,"action":"FILE_CLOSED","file":"/android/src/main/java/com/example/cache/FileUtil.java","tags":{"FILE_LINE_OF_CODE":"89"}}
{"ts":1673976065885,"action":"FILE_OPENED","file":"/android/src/main/java/com/example/cache/PhoneUtil.java","tags":{"FILE_LINE_OF_CODE":"365"}}
{"ts":1673976066212,"action":"FILE_CLOSED","file":"/android/src/main/java/com/example/cache/PhoneUtil.java","tags":{"FILE_LINE_OF_CODE":"365"}}
{"ts":1673976066212,"action":"FILE_OPENED","file":"/android/src/main/java/com/example/cache/FileUtil.java","tags":{"FILE_LINE_OF_CODE":"89"}}
{"ts":1673976069215,"action":"FILE_CLOSED","file":"/android/src/main/java/com/example/cache/FileUtil.java","tags":{"FILE_LINE_OF_CODE":"89"}}
{"ts":1673976069215,"action":"FILE_OPENED","file":"/android/src/main/java/com/example/cache/PhoneUtil.java","tags":{"FILE_LINE_OF_CODE":"365"}}
{"ts":1673976085372,"action":"FILE_CLOSED","file":"/android/src/main/java/com/example/cache/PhoneUtil.java","tags":{"FILE_LINE_OF_CODE":"365"}}
{"ts":1673976085372,"action":"FILE_OPENED","file":"/android/src/main/java/com/example/cache/StorageUtil.java","tags":{"FILE_LINE_OF_CODE":"106"}}
{"ts":1673976095646,"action":"FILE_CLOSED","file":"/android/src/main/java/com/example/cache/StorageUtil.java","tags":{"FILE_LINE_OF_CODE":"106"}}
{"ts":1673976095646,"action":"FILE_OPENED","file":"/android/src/main/java/com/example/cache/FileUtil.java","tags":{"FILE_LINE_OF_CODE":"89"}}
{"ts":1673976102181,"action":"IDE_DEACTIVATED"}
{"ts":1673976105571,"action":"IDE_ACTIVATED"}
{"ts":1673976110797,"action":"IDE_DEACTIVATED"}
{"ts":1673976114323,"action":"IDE_ACTIVATED"}
{"ts":1673976118604,"action":"IDE_DEACTIVATED"}
{"ts":1673976121563,"action":"IDE_ACTIVATED"}
{"ts":1673976124523,"action":"IDE_DEACTIVATED"}
{"ts":1673976126988,"action":"IDE_ACTIVATED"}
{"ts":1673976130891,"action":"FILE_CLOSED","file":"/android/src/main/java/com/example/cache/FileUtil.java","tags":{"FILE_LINE_OF_CODE":"89"}}
{"ts":1673976130891,"action":"FILE_OPENED","file":"/android/src/main/java/com/example/cache/PhoneUtil.java","tags":{"FILE_LINE_OF_CODE":"365"}}
{"ts":1673976132994,"action":"FILE_CLOSED","file":"/android/src/main/java/com/example/cache/PhoneUtil.java","tags":{"FILE_LINE_OF_CODE":"365"}}
{"ts":1673976132994,"action":"FILE_OPENED","file":"/android/src/main/java/com/example/cache/FileUtil.java","tags":{"FILE_LINE_OF_CODE":"89"}}
{"ts":1673976136412,"action":"FILE_CLOSED","file":"/android/src/main/java/com/example/cache/FileUtil.java","tags":{"FILE_LINE_OF_CODE":"89"}}
{"ts":1673976136412,"action":"FILE_OPENED","file":"/android/src/main/java/com/example/cache/PhoneUtil.java","tags":{"FILE_LINE_OF_CODE":"365"}}
{"ts":1673976146029,"action":"IDE_DEACTIVATED"}
{"ts":1673976149103,"action":"IDE_ACTIVATED"}
{"ts":1673976162056,"action":"IDE_DEACTIVATED"}
{"ts":1673976165557,"action":"IDE_ACTIVATED"}
{"ts":1673976168733,"action":"IDE_DEACTIVATED"}
{"ts":1673976171583,"action":"IDE_ACTIVATED"}
{"ts":1673976176021,"action":"IDE_DEACTIVATED"}
{"ts":1673976179170,"action":"IDE_ACTIVATED"}
{"ts":1673976183302,"action":"IDE_DEACTIVATED"}
{"ts":1673976191123,"action":"IDE_ACTIVATED"}
{"ts":1673976194317,"action":"IDE_DEACTIVATED"}
{"ts":1673976197253,"action":"IDE_ACTIVATED"}
{"ts":1673976200228,"action":"IDE_DEACTIVATED"}
{"ts":1673976202758,"action":"IDE_ACTIVATED"}
{"ts":1673976210437,"action":"IDE_DEACTIVATED"}
{"ts":1673976213561,"action":"IDE_ACTIVATED"}
{"ts":1673976261178,"action":"FILE_CLOSED","file":"/android/src/main/java/com/example/cache/PhoneUtil.java","tags":{"FILE_LINE_OF_CODE":"332"}}
{"ts":1673976261178,"action":"FILE_OPENED","file":"/android/src/main/java/com/example/cache/FileUtil.java","tags":{"FILE_LINE_OF_CODE":"89"}}
{"ts":1673976265301,"action":"FILE_CLOSED","file":"/android/src/main/java/com/example/cache/FileUtil.java","tags":{"FILE_LINE_OF_CODE":"89"}}
{"ts":1673976265301,"action":"FILE_OPENED","file":"/android/src/main/java/com/example/cache/PhoneUtil.java","tags":{"FILE_LINE_OF_CODE":"332"}}
{"ts":1673976306087,"action":"IDE_DEACTIVATED"}
{"ts":1673976308746,"action":"IDE_ACTIVATED"}
{"ts":1673976313773,"action":"IDE_DEACTIVATED"}
{"ts":1673976317366,"action":"IDE_ACTIVATED"}
{"ts":1673976319556,"action":"IDE_DEACTIVATED"}
{"ts":1673976322911,"action":"IDE_ACTIVATED"}
{"ts":1673976325237,"action":"IDE_DEACTIVATED"}
{"ts":1673976328515,"action":"IDE_ACTIVATED"}
{"ts":1673976330631,"action":"IDE_DEACTIVATED"}
{"ts":1673976332878,"action":"IDE_ACTIVATED"}
{"ts":1673976377776,"action":"IDE_DEACTIVATED"}
{"ts":1673976380967,"action":"IDE_ACTIVATED"}
{"ts":1673976384495,"action":"IDE_DEACTIVATED"}
{"ts":1673976387660,"action":"IDE_ACTIVATED"}
{"ts":1673976389852,"action":"IDE_DEACTIVATED"}
{"ts":1673976392186,"action":"IDE_ACTIVATED"}
{"ts":1673976395572,"action":"IDE_DEACTIVATED"}
{"ts":1673976397268,"action":"IDE_ACTIVATED"}
{"ts":1673976397724,"action":"IDE_DEACTIVATED"}
{"ts":1673976399192,"action":"IDE_ACTIVATED"}
{"ts":1673976401648,"action":"IDE_DEACTIVATED"}
{"ts":1673976403776,"action":"IDE_ACTIVATED"}
{"ts":1673976407528,"action":"FILE_CLOSED","file":"/android/src/main/java/com/example/cache/PhoneUtil.java","tags":{"FILE_LINE_OF_CODE":"128"}}
{"ts":1673976407528,"action":"FILE_OPENED","file":"/android/src/main/java/com/example/cache/StorageUtil.java","tags":{"FILE_LINE_OF_CODE":"106"}}
{"ts":1673976415858,"action":"FILE_CLOSED","file":"/android/src/main/java/com/example/cache/StorageUtil.java","tags":{"FILE_LINE_OF_CODE":"106"}}
{"ts":1673976415858,"action":"FILE_OPENED","file":"/android/src/main/java/com/example/cache/PhoneUtil.java","tags":{"FILE_LINE_OF_CODE":"128"}}
{"ts":1673976419213,"action":"FILE_CLOSED","file":"/android/src/main/java/com/example/cache/PhoneUtil.java","tags":{"FILE_LINE_OF_CODE":"128"}}
{"ts":1673976419213,"action":"FILE_OPENED","file":"/android/src/main/java/com/example/cache/StorageUtil.java","tags":{"FILE_LINE_OF_CODE":"106"}}
{"ts":1673976424517,"action":"IDE_DEACTIVATED"}
{"ts":1673976428406,"action":"IDE_ACTIVATED"}
{"ts":1673976438821,"action":"IDE_DEACTIVATED"}
{"ts":1673976441136,"action":"IDE_ACTIVATED"}
{"ts":1673976444446,"action":"IDE_DEACTIVATED"}
{"ts":1673976446945,"action":"IDE_ACTIVATED"}
{"ts":1673976451436,"action":"IDE_DEACTIVATED"}
{"ts":1673976454874,"action":"IDE_ACTIVATED"}
{"ts":1673976459245,"action":"IDE_DEACTIVATED"}
{"ts":1673976461842,"action":"IDE_ACTIVATED"}
{"ts":1673976465068,"action":"IDE_DEACTIVATED"}
{"ts":1673976467475,"action":"IDE_ACTIVATED"}
{"ts":1673976471981,"action":"IDE_DEACTIVATED"}
{"ts":1673976473260,"action":"IDE_ACTIVATED"}
{"ts":1673976482661,"action":"IDE_DEACTIVATED"}
{"ts":1673976485205,"action":"IDE_ACTIVATED"}
{"ts":1673976488560,"action":"IDE_DEACTIVATED"}
{"ts":1673976491499,"action":"IDE_ACTIVATED"}
{"ts":1673976515295,"action":"FILE_CLOSED","file":"/android/src/main/java/com/example/cache/StorageUtil.java","tags":{"FILE_LINE_OF_CODE":"106"}}
{"ts":1673976515295,"action":"FILE_OPENED","file":"/example/ios/Runner/AppDelegate.swift","tags":{"FILE_LINE_OF_CODE":"14"}}
{"ts":1673976539917,"action":"FILE_CLOSED","file":"/example/ios/Runner/AppDelegate.swift","tags":{"FILE_LINE_OF_CODE":"14"}}
{"ts":1673976539917,"action":"FILE_OPENED","file":"/ios/Classes/AssetCacheTool.m","tags":{"FILE_LINE_OF_CODE":"166"}}
{"ts":1673976543084,"action":"IDE_DEACTIVATED"}
{"ts":1673976545614,"action":"IDE_ACTIVATED"}
{"ts":1673976548594,"action":"FILE_CLOSED","file":"/ios/Classes/AssetCacheTool.m","tags":{"FILE_LINE_OF_CODE":"166"}}
{"ts":1673976548594,"action":"FILE_OPENED","file":"/ios/Classes/AssetCacheTool.h","tags":{"FILE_LINE_OF_CODE":"26"}}
{"ts":1673976551317,"action":"IDE_DEACTIVATED"}
{"ts":1673976554508,"action":"IDE_ACTIVATED"}
{"ts":1673976556995,"action":"IDE_DEACTIVATED"}
{"ts":1673976559227,"action":"IDE_ACTIVATED"}
{"ts":1673976561293,"action":"IDE_DEACTIVATED"}
{"ts":1673976564052,"action":"IDE_ACTIVATED"}
{"ts":1673976568257,"action":"IDE_DEACTIVATED"}
{"ts":1673976571125,"action":"IDE_ACTIVATED"}
{"ts":1673976585711,"action":"FILE_CLOSED","file":"/ios/Classes/AssetCacheTool.h","tags":{"FILE_LINE_OF_CODE":"26"}}
{"ts":1673976585711,"action":"FILE_OPENED","file":"/ios/Classes/CachePlugin.h","tags":{"FILE_LINE_OF_CODE":"5"}}
{"ts":1673976586603,"action":"FILE_CLOSED","file":"/ios/Classes/CachePlugin.h","tags":{"FILE_LINE_OF_CODE":"5"}}
{"ts":1673976586603,"action":"FILE_OPENED","file":"/ios/Classes/CachePlugin.m","tags":{"FILE_LINE_OF_CODE":"16"}}
{"ts":1673976589498,"action":"FILE_CLOSED","file":"/ios/Classes/CachePlugin.m","tags":{"FILE_LINE_OF_CODE":"16"}}
{"ts":1673976589498,"action":"FILE_OPENED","file":"/ios/Classes/SwiftCachePlugin.swift","tags":{"FILE_LINE_OF_CODE":"77"}}
{"ts":1673976596002,"action":"FILE_CLOSED","file":"/ios/Classes/SwiftCachePlugin.swift","tags":{"FILE_LINE_OF_CODE":"77"}}
{"ts":1673976596002,"action":"FILE_OPENED","file":"/ios/Classes/WYAClearCache.h","tags":{"FILE_LINE_OF_CODE":"102"}}
{"ts":1673976606751,"action":"IDE_DEACTIVATED"}
{"ts":1673976610482,"action":"IDE_ACTIVATED"}
{"ts":1673976623194,"action":"IDE_DEACTIVATED"}
{"ts":1673976625951,"action":"IDE_ACTIVATED"}
{"ts":1673976636879,"action":"IDE_DEACTIVATED"}
{"ts":1673976640353,"action":"IDE_ACTIVATED"}
{"ts":1673976645732,"action":"IDE_DEACTIVATED"}
{"ts":1673976651378,"action":"IDE_ACTIVATED"}
{"ts":1673976651780,"action":"IDE_DEACTIVATED"}
{"ts":1673976652833,"action":"IDE_ACTIVATED"}
{"ts":1673976658134,"action":"IDE_DEACTIVATED"}
{"ts":1673976660956,"action":"IDE_ACTIVATED"}
{"ts":1673976670738,"action":"IDE_DEACTIVATED"}
{"ts":1673976673378,"action":"IDE_ACTIVATED"}
{"ts":1673976679997,"action":"IDE_DEACTIVATED"}
{"ts":1673976683096,"action":"IDE_ACTIVATED"}
{"ts":1673976685856,"action":"FILE_CLOSED","file":"/ios/Classes/WYAClearCache.h","tags":{"FILE_LINE_OF_CODE":"100"}}
{"ts":1673976685856,"action":"FILE_OPENED","file":"/ios/Classes/WYAClearCache.m","tags":{"FILE_LINE_OF_CODE":"232"}}
{"ts":1673976699726,"action":"IDE_DEACTIVATED"}
{"ts":1673976703723,"action":"IDE_ACTIVATED"}
{"ts":1673976708323,"action":"IDE_DEACTIVATED"}
{"ts":1673976712876,"action":"IDE_ACTIVATED"}
{"ts":1673976718159,"action":"IDE_DEACTIVATED"}
{"ts":1673976721753,"action":"IDE_ACTIVATED"}
{"ts":1673976729693,"action":"IDE_DEACTIVATED"}
{"ts":1673976733012,"action":"IDE_ACTIVATED"}
{"ts":1673976739157,"action":"IDE_DEACTIVATED"}
{"ts":1673976771156,"action":"IDE_ACTIVATED"}
{"ts":1673976776382,"action":"IDE_DEACTIVATED"}
{"ts":1673976782849,"action":"IDE_ACTIVATED"}
{"ts":1673976790485,"action":"IDE_DEACTIVATED"}
{"ts":1673976795700,"action":"IDE_ACTIVATED"}
{"ts":1673976800111,"action":"IDE_DEACTIVATED"}
{"ts":1673976804131,"action":"IDE_ACTIVATED"}
{"ts":1673976807366,"action":"IDE_DEACTIVATED"}
{"ts":1673976809769,"action":"IDE_ACTIVATED"}
{"ts":1673976813534,"action":"IDE_DEACTIVATED"}
{"ts":1673976816249,"action":"IDE_ACTIVATED"}
{"ts":1673976821497,"action":"IDE_DEACTIVATED"}
{"ts":1673976823867,"action":"IDE_ACTIVATED"}
{"ts":1673976827533,"action":"IDE_DEACTIVATED"}
{"ts":1673976830719,"action":"IDE_ACTIVATED"}
{"ts":1673976834279,"action":"IDE_DEACTIVATED"}
{"ts":1673976836407,"action":"IDE_ACTIVATED"}
{"ts":1673977097510,"action":"IDE_DEACTIVATED"}
{"ts":1673977097620,"action":"IDE_ACTIVATED"}
{"ts":1673977098354,"action":"IDE_DEACTIVATED"}
{"ts":1673977102750,"action":"IDE_ACTIVATED"}
{"ts":1673977105150,"action":"IDE_DEACTIVATED"}
{"ts":1673977105834,"action":"IDE_ACTIVATED"}
{"ts":1673977130809,"action":"IDE_DEACTIVATED"}
{"ts":1673977134205,"action":"IDE_ACTIVATED"}
{"ts":1673977252438,"action":"IDE_DEACTIVATED"}
{"ts":1673977259429,"action":"IDE_ACTIVATED"}
{"ts":1673977260385,"action":"IDE_DEACTIVATED"}
{"ts":1673977261074,"action":"IDE_ACTIVATED"}
{"ts":1673977420943,"action":"IDE_DEACTIVATED"}
{"ts":1673977421042,"action":"IDE_ACTIVATED"}
{"ts":1673977424449,"action":"IDE_DEACTIVATED"}
{"ts":1673977424572,"action":"IDE_ACTIVATED"}
{"ts":1673977425959,"action":"IDE_DEACTIVATED"}
{"ts":1673977426072,"action":"IDE_ACTIVATED"}
{"ts":1673977426653,"action":"IDE_DEACTIVATED"}
{"ts":1673977426759,"action":"IDE_ACTIVATED"}
{"ts":1673977429534,"action":"IDE_DEACTIVATED"}
{"ts":1673977429635,"action":"IDE_ACTIVATED"}
{"ts":1673977434951,"action":"IDE_DEACTIVATED"}
{"ts":1673977435041,"action":"IDE_ACTIVATED"}
{"ts":1673977441431,"action":"IDE_DEACTIVATED"}
{"ts":1673977441543,"action":"IDE_ACTIVATED"}
{"ts":1673977447216,"action":"IDE_DEACTIVATED"}
{"ts":1673977447338,"action":"IDE_ACTIVATED"}
{"ts":1673977453047,"action":"IDE_DEACTIVATED"}
{"ts":1673977453156,"action":"IDE_ACTIVATED"}
{"ts":1673977462678,"action":"IDE_DEACTIVATED"}
{"ts":1673977462794,"action":"IDE_ACTIVATED"}
{"ts":1673977464702,"action":"IDE_DEACTIVATED"}
{"ts":1673977464821,"action":"IDE_ACTIVATED"}
{"ts":1673977470142,"action":"IDE_DEACTIVATED"}
{"ts":1673977470243,"action":"IDE_ACTIVATED"}
{"ts":1673977475590,"action":"IDE_DEACTIVATED"}
{"ts":1673977475719,"action":"IDE_ACTIVATED"}
{"ts":1673977478223,"action":"IDE_DEACTIVATED"}
{"ts":1673977478314,"action":"IDE_ACTIVATED"}
{"ts":1673977479719,"action":"IDE_DEACTIVATED"}
{"ts":1673977479808,"action":"IDE_ACTIVATED"}
{"ts":1673977481522,"action":"IDE_DEACTIVATED"}
{"ts":1673977481623,"action":"IDE_ACTIVATED"}
{"ts":1673977483208,"action":"IDE_DEACTIVATED"}
{"ts":1673977483313,"action":"IDE_ACTIVATED"}
{"ts":1673977491534,"action":"IDE_DEACTIVATED"}
{"ts":1673977491638,"action":"IDE_ACTIVATED"}
{"ts":1673977515949,"action":"IDE_DEACTIVATED"}
{"ts":1673977516071,"action":"IDE_ACTIVATED"}
{"ts":1673977517096,"action":"IDE_DEACTIVATED"}
{"ts":1673977517188,"action":"IDE_ACTIVATED"}
{"ts":1673977520769,"action":"IDE_DEACTIVATED"}
{"ts":1673977520870,"action":"IDE_ACTIVATED"}
{"ts":1673977682460,"action":"IDE_DEACTIVATED"}
{"ts":1673977955469,"action":"IDE_ACTIVATED"}
{"ts":1673977965577,"action":"IDE_DEACTIVATED"}
{"ts":1674021078870,"action":"IDE_ACTIVATED"}
{"ts":1674021128905,"action":"IDE_DEACTIVATED"}
{"ts":1674021129008,"action":"IDE_ACTIVATED"}
{"ts":1674021135858,"action":"IDE_DEACTIVATED"}
{"ts":1674021135939,"action":"IDE_ACTIVATED"}
{"ts":1674021136680,"action":"IDE_DEACTIVATED"}
{"ts":1674021136763,"action":"IDE_ACTIVATED"}
{"ts":1674021138999,"action":"IDE_DEACTIVATED"}
{"ts":1674021139065,"action":"IDE_ACTIVATED"}
{"ts":1674021145498,"action":"IDE_DEACTIVATED"}
{"ts":1674021145555,"action":"IDE_ACTIVATED"}
{"ts":1674021153504,"action":"IDE_DEACTIVATED"}
{"ts":1674021153612,"action":"IDE_ACTIVATED"}
{"ts":1674021164046,"action":"IDE_DEACTIVATED"}
{"ts":1674021164118,"action":"IDE_ACTIVATED"}
{"ts":1674021170401,"action":"IDE_DEACTIVATED"}
{"ts":1674021170485,"action":"IDE_ACTIVATED"}
{"ts":1674021172575,"action":"IDE_DEACTIVATED"}
{"ts":1674021172660,"action":"IDE_ACTIVATED"}
{"ts":1674021173730,"action":"IDE_DEACTIVATED"}
{"ts":1674021173827,"action":"IDE_ACTIVATED"}
{"ts":1674021174424,"action":"IDE_DEACTIVATED"}
{"ts":1674021174501,"action":"IDE_ACTIVATED"}
{"ts":1674021180730,"action":"IDE_DEACTIVATED"}
{"ts":1674021487740,"action":"IDE_ACTIVATED"}
{"ts":1674021516462,"action":"IDE_DEACTIVATED"}
{"ts":1674021565775,"action":"IDE_ACTIVATED"}
{"ts":1674021608602,"action":"IDE_DEACTIVATED"}
{"ts":1674021631721,"action":"IDE_ACTIVATED"}
{"ts":1674021750884,"action":"IDE_DEACTIVATED"}
{"ts":1674021753321,"action":"IDE_ACTIVATED"}
{"ts":1674021766601,"action":"IDE_DEACTIVATED"}
{"ts":1674021766726,"action":"IDE_ACTIVATED"}
{"ts":1674021784251,"action":"IDE_DEACTIVATED"}
{"ts":1674021785646,"action":"IDE_ACTIVATED"}
{"ts":1674021803338,"action":"IDE_DEACTIVATED"}
{"ts":1674021803414,"action":"IDE_ACTIVATED"}
{"ts":1674021831547,"action":"IDE_DEACTIVATED"}
{"ts":1674021831648,"action":"IDE_ACTIVATED"}
{"ts":1674021836416,"action":"IDE_DEACTIVATED"}
{"ts":1674021836494,"action":"IDE_ACTIVATED"}
{"ts":1674021838999,"action":"IDE_DEACTIVATED"}
{"ts":1674021839093,"action":"IDE_ACTIVATED"}
{"ts":1674021850396,"action":"IDE_DEACTIVATED"}
{"ts":1674021850449,"action":"IDE_ACTIVATED"}
{"ts":1674021865150,"action":"IDE_DEACTIVATED"}
{"ts":1674021865207,"action":"IDE_ACTIVATED"}
{"ts":1674021874517,"action":"IDE_DEACTIVATED"}
{"ts":1674021874623,"action":"IDE_ACTIVATED"}
{"ts":1674021896685,"action":"IDE_DEACTIVATED"}
{"ts":1674021896763,"action":"IDE_ACTIVATED"}
{"ts":1674021899578,"action":"IDE_DEACTIVATED"}
{"ts":1674021899652,"action":"IDE_ACTIVATED"}
{"ts":1674021938557,"action":"IDE_DEACTIVATED"}
{"ts":1674021938645,"action":"IDE_ACTIVATED"}
{"ts":1674021944055,"action":"IDE_DEACTIVATED"}
{"ts":1674021945126,"action":"IDE_ACTIVATED"}
{"ts":1674022046351,"action":"IDE_DEACTIVATED"}
{"ts":1674022049643,"action":"IDE_ACTIVATED"}
{"ts":1674022062185,"action":"IDE_DEACTIVATED"}
{"ts":1674022172885,"action":"IDE_ACTIVATED"}
{"ts":1674022225716,"action":"IDE_DEACTIVATED"}
{"ts":1674022233180,"action":"IDE_ACTIVATED"}
{"ts":1674022237887,"action":"IDE_DEACTIVATED"}
{"ts":1674022240174,"action":"IDE_ACTIVATED"}
{"ts":1674022240594,"action":"IDE_DEACTIVATED"}
{"ts":1674022242103,"action":"IDE_ACTIVATED"}
{"ts":1674022242611,"action":"IDE_DEACTIVATED"}
{"ts":1674022245659,"action":"IDE_ACTIVATED"}
{"ts":1674022283335,"action":"IDE_DEACTIVATED"}
{"ts":1674022325880,"action":"IDE_ACTIVATED"}
{"ts":1674022326954,"action":"IDE_DEACTIVATED"}
{"ts":1674022331518,"action":"IDE_ACTIVATED"}
{"ts":1674022335258,"action":"IDE_DEACTIVATED"}
{"ts":1674022338786,"action":"IDE_ACTIVATED"}
{"ts":1674022425693,"action":"IDE_DEACTIVATED"}
{"ts":1674022429271,"action":"IDE_ACTIVATED"}
{"ts":1674022442241,"action":"IDE_DEACTIVATED"}
{"ts":1674024251927,"action":"IDE_ACTIVATED"}
{"ts":1674024280054,"action":"IDE_DEACTIVATED"}
{"ts":1674024282734,"action":"IDE_ACTIVATED"}
{"ts":1674024292622,"action":"IDE_DEACTIVATED"}
{"ts":1674024293753,"action":"IDE_ACTIVATED"}
{"ts":1674024303022,"action":"IDE_DEACTIVATED"}
{"ts":1674024307428,"action":"IDE_ACTIVATED"}
{"ts":1674024439572,"action":"IDE_DEACTIVATED"}
{"ts":1674024459672,"action":"IDE_ACTIVATED"}
{"ts":1674024505921,"action":"IDE_DEACTIVATED"}
{"ts":1674024516462,"action":"IDE_ACTIVATED"}
{"ts":1674024546606,"action":"IDE_DEACTIVATED"}
{"ts":1674024618364,"action":"IDE_ACTIVATED"}
{"ts":1674024735875,"action":"IDE_DEACTIVATED"}
{"ts":1674024786097,"action":"IDE_ACTIVATED"}
{"ts":1674024788244,"action":"IDE_DEACTIVATED"}
{"ts":1674024794280,"action":"IDE_ACTIVATED"}
{"ts":1674024818067,"action":"IDE_DEACTIVATED"}
{"ts":1674024878056,"action":"IDE_ACTIVATED"}
{"ts":1674024884555,"action":"IDE_DEACTIVATED"}
{"ts":1674024897190,"action":"IDE_ACTIVATED"}
{"ts":1674024902923,"action":"IDE_DEACTIVATED"}
{"ts":1674024912728,"action":"IDE_ACTIVATED"}
{"ts":1674024920406,"action":"IDE_DEACTIVATED"}
{"ts":1674024925367,"action":"IDE_ACTIVATED"}
{"ts":1674024929101,"action":"IDE_DEACTIVATED"}
{"ts":1674024935143,"action":"IDE_ACTIVATED"}
{"ts":1674024937332,"action":"IDE_DEACTIVATED"}
{"ts":1674024940122,"action":"IDE_ACTIVATED"}
{"ts":1674024947140,"action":"IDE_DEACTIVATED"}
{"ts":1674024982537,"action":"IDE_ACTIVATED"}
{"ts":1674025002366,"action":"IDE_DEACTIVATED"}
{"ts":1674025007450,"action":"IDE_ACTIVATED"}
{"ts":1674025017571,"action":"IDE_DEACTIVATED"}
{"ts":1674025019028,"action":"IDE_ACTIVATED"}
{"ts":1674025020734,"action":"IDE_DEACTIVATED"}
{"ts":1674025025896,"action":"IDE_ACTIVATED"}
{"ts":1674025035229,"action":"IDE_DEACTIVATED"}
{"ts":1674025112640,"action":"IDE_ACTIVATED"}
{"ts":1674025141909,"action":"IDE_DEACTIVATED"}
{"ts":1674025149520,"action":"IDE_ACTIVATED"}
